2019-11-20T08:44:08.909Z - error: Error when processing render request Asset Invoice styles.css not found Error: Asset Invoice styles.css not found
    at readAsset (C:\Users\tawie\Desktop\JustInv4\ReportingJS\node_modules\jsreport-assets\lib\assets.js:227:15)
2019-11-20T08:44:33.253Z - error: Error when processing render request Asset Invoice logo.png not found Error: Asset Invoice logo.png not found
    at readAsset (C:\Users\tawie\Desktop\JustInv4\ReportingJS\node_modules\jsreport-assets\lib\assets.js:227:15)
2019-11-22T12:21:12.161Z - error: Error when starting http server on port 5488 Error: listen EADDRINUSE: address already in use :::5488
    at Server.setupListenHandle [as _listen2] (net.js:1270:14)
    at listenInCluster (net.js:1318:12)
    at Server.listen (net.js:1405:7)
    at Promise (C:\Users\tawie\Desktop\JustInv4\ReportingJS\node_modules\jsreport-express\lib\reporter.express.js:23:12)
    at Promise._execute (C:\Users\tawie\Desktop\JustInv4\ReportingJS\node_modules\bluebird\js\release\debuggability.js:313:9)
    at Promise._resolveFromExecutor (C:\Users\tawie\Desktop\JustInv4\ReportingJS\node_modules\bluebird\js\release\promise.js:483:18)
    at new Promise (C:\Users\tawie\Desktop\JustInv4\ReportingJS\node_modules\bluebird\js\release\promise.js:79:10)
    at startAsync (C:\Users\tawie\Desktop\JustInv4\ReportingJS\node_modules\jsreport-express\lib\reporter.express.js:17:10)
    at steps.push (C:\Users\tawie\Desktop\JustInv4\ReportingJS\node_modules\jsreport-express\lib\reporter.express.js:51:14)
    at Object.start (C:\Users\tawie\Desktop\JustInv4\ReportingJS\node_modules\jsreport-express\lib\reporter.express.js:125:13)
    at Object.reporter.initializeListeners.add (C:\Users\tawie\Desktop\JustInv4\ReportingJS\node_modules\jsreport-express\lib\reporter.express.js:309:30)
    at process._tickCallback (internal/process/next_tick.js:68:7)
2019-11-22T12:21:12.166Z - error: Error occured during reporter init Error: listen EADDRINUSE: address already in use :::5488
    at Server.setupListenHandle [as _listen2] (net.js:1270:14)
    at listenInCluster (net.js:1318:12)
    at Server.listen (net.js:1405:7)
    at Promise (C:\Users\tawie\Desktop\JustInv4\ReportingJS\node_modules\jsreport-express\lib\reporter.express.js:23:12)
    at Promise._execute (C:\Users\tawie\Desktop\JustInv4\ReportingJS\node_modules\bluebird\js\release\debuggability.js:313:9)
    at Promise._resolveFromExecutor (C:\Users\tawie\Desktop\JustInv4\ReportingJS\node_modules\bluebird\js\release\promise.js:483:18)
    at new Promise (C:\Users\tawie\Desktop\JustInv4\ReportingJS\node_modules\bluebird\js\release\promise.js:79:10)
    at startAsync (C:\Users\tawie\Desktop\JustInv4\ReportingJS\node_modules\jsreport-express\lib\reporter.express.js:17:10)
    at steps.push (C:\Users\tawie\Desktop\JustInv4\ReportingJS\node_modules\jsreport-express\lib\reporter.express.js:51:14)
    at Object.start (C:\Users\tawie\Desktop\JustInv4\ReportingJS\node_modules\jsreport-express\lib\reporter.express.js:125:13)
    at Object.reporter.initializeListeners.add (C:\Users\tawie\Desktop\JustInv4\ReportingJS\node_modules\jsreport-express\lib\reporter.express.js:309:30)
    at process._tickCallback (internal/process/next_tick.js:68:7)
2019-11-22T12:22:03.236Z - error: Error when starting http server on port 5488 Error: listen EADDRINUSE: address already in use :::5488
    at Server.setupListenHandle [as _listen2] (net.js:1270:14)
    at listenInCluster (net.js:1318:12)
    at Server.listen (net.js:1405:7)
    at Promise (C:\Users\tawie\Desktop\JustInv4\ReportingJS\node_modules\jsreport-express\lib\reporter.express.js:23:12)
    at Promise._execute (C:\Users\tawie\Desktop\JustInv4\ReportingJS\node_modules\bluebird\js\release\debuggability.js:313:9)
    at Promise._resolveFromExecutor (C:\Users\tawie\Desktop\JustInv4\ReportingJS\node_modules\bluebird\js\release\promise.js:483:18)
    at new Promise (C:\Users\tawie\Desktop\JustInv4\ReportingJS\node_modules\bluebird\js\release\promise.js:79:10)
    at startAsync (C:\Users\tawie\Desktop\JustInv4\ReportingJS\node_modules\jsreport-express\lib\reporter.express.js:17:10)
    at steps.push (C:\Users\tawie\Desktop\JustInv4\ReportingJS\node_modules\jsreport-express\lib\reporter.express.js:51:14)
    at Object.start (C:\Users\tawie\Desktop\JustInv4\ReportingJS\node_modules\jsreport-express\lib\reporter.express.js:125:13)
    at Object.reporter.initializeListeners.add (C:\Users\tawie\Desktop\JustInv4\ReportingJS\node_modules\jsreport-express\lib\reporter.express.js:309:30)
    at process._tickCallback (internal/process/next_tick.js:68:7)
2019-11-22T12:22:03.256Z - error: Error occured during reporter init Error: listen EADDRINUSE: address already in use :::5488
    at Server.setupListenHandle [as _listen2] (net.js:1270:14)
    at listenInCluster (net.js:1318:12)
    at Server.listen (net.js:1405:7)
    at Promise (C:\Users\tawie\Desktop\JustInv4\ReportingJS\node_modules\jsreport-express\lib\reporter.express.js:23:12)
    at Promise._execute (C:\Users\tawie\Desktop\JustInv4\ReportingJS\node_modules\bluebird\js\release\debuggability.js:313:9)
    at Promise._resolveFromExecutor (C:\Users\tawie\Desktop\JustInv4\ReportingJS\node_modules\bluebird\js\release\promise.js:483:18)
    at new Promise (C:\Users\tawie\Desktop\JustInv4\ReportingJS\node_modules\bluebird\js\release\promise.js:79:10)
    at startAsync (C:\Users\tawie\Desktop\JustInv4\ReportingJS\node_modules\jsreport-express\lib\reporter.express.js:17:10)
    at steps.push (C:\Users\tawie\Desktop\JustInv4\ReportingJS\node_modules\jsreport-express\lib\reporter.express.js:51:14)
    at Object.start (C:\Users\tawie\Desktop\JustInv4\ReportingJS\node_modules\jsreport-express\lib\reporter.express.js:125:13)
    at Object.reporter.initializeListeners.add (C:\Users\tawie\Desktop\JustInv4\ReportingJS\node_modules\jsreport-express\lib\reporter.express.js:309:30)
    at process._tickCallback (internal/process/next_tick.js:68:7)
2019-11-22T12:22:05.205Z - error: Error when starting http server on port 5488 Error: listen EADDRINUSE: address already in use :::5488
    at Server.setupListenHandle [as _listen2] (net.js:1270:14)
    at listenInCluster (net.js:1318:12)
    at Server.listen (net.js:1405:7)
    at Promise (C:\Users\tawie\Desktop\JustInv4\ReportingJS\node_modules\jsreport-express\lib\reporter.express.js:23:12)
    at Promise._execute (C:\Users\tawie\Desktop\JustInv4\ReportingJS\node_modules\bluebird\js\release\debuggability.js:313:9)
    at Promise._resolveFromExecutor (C:\Users\tawie\Desktop\JustInv4\ReportingJS\node_modules\bluebird\js\release\promise.js:483:18)
    at new Promise (C:\Users\tawie\Desktop\JustInv4\ReportingJS\node_modules\bluebird\js\release\promise.js:79:10)
    at startAsync (C:\Users\tawie\Desktop\JustInv4\ReportingJS\node_modules\jsreport-express\lib\reporter.express.js:17:10)
    at steps.push (C:\Users\tawie\Desktop\JustInv4\ReportingJS\node_modules\jsreport-express\lib\reporter.express.js:51:14)
    at Object.start (C:\Users\tawie\Desktop\JustInv4\ReportingJS\node_modules\jsreport-express\lib\reporter.express.js:125:13)
    at Object.reporter.initializeListeners.add (C:\Users\tawie\Desktop\JustInv4\ReportingJS\node_modules\jsreport-express\lib\reporter.express.js:309:30)
    at process._tickCallback (internal/process/next_tick.js:68:7)
2019-11-22T12:22:05.226Z - error: Error occured during reporter init Error: listen EADDRINUSE: address already in use :::5488
    at Server.setupListenHandle [as _listen2] (net.js:1270:14)
    at listenInCluster (net.js:1318:12)
    at Server.listen (net.js:1405:7)
    at Promise (C:\Users\tawie\Desktop\JustInv4\ReportingJS\node_modules\jsreport-express\lib\reporter.express.js:23:12)
    at Promise._execute (C:\Users\tawie\Desktop\JustInv4\ReportingJS\node_modules\bluebird\js\release\debuggability.js:313:9)
    at Promise._resolveFromExecutor (C:\Users\tawie\Desktop\JustInv4\ReportingJS\node_modules\bluebird\js\release\promise.js:483:18)
    at new Promise (C:\Users\tawie\Desktop\JustInv4\ReportingJS\node_modules\bluebird\js\release\promise.js:79:10)
    at startAsync (C:\Users\tawie\Desktop\JustInv4\ReportingJS\node_modules\jsreport-express\lib\reporter.express.js:17:10)
    at steps.push (C:\Users\tawie\Desktop\JustInv4\ReportingJS\node_modules\jsreport-express\lib\reporter.express.js:51:14)
    at Object.start (C:\Users\tawie\Desktop\JustInv4\ReportingJS\node_modules\jsreport-express\lib\reporter.express.js:125:13)
    at Object.reporter.initializeListeners.add (C:\Users\tawie\Desktop\JustInv4\ReportingJS\node_modules\jsreport-express\lib\reporter.express.js:309:30)
    at process._tickCallback (internal/process/next_tick.js:68:7)
2019-11-22T12:23:06.232Z - error: Error when starting http server on port 5488 Error: listen EADDRINUSE: address already in use :::5488
    at Server.setupListenHandle [as _listen2] (net.js:1270:14)
    at listenInCluster (net.js:1318:12)
    at Server.listen (net.js:1405:7)
    at Promise (C:\Users\tawie\Desktop\JustInv4\ReportingJS\node_modules\jsreport-express\lib\reporter.express.js:23:12)
    at Promise._execute (C:\Users\tawie\Desktop\JustInv4\ReportingJS\node_modules\bluebird\js\release\debuggability.js:313:9)
    at Promise._resolveFromExecutor (C:\Users\tawie\Desktop\JustInv4\ReportingJS\node_modules\bluebird\js\release\promise.js:483:18)
    at new Promise (C:\Users\tawie\Desktop\JustInv4\ReportingJS\node_modules\bluebird\js\release\promise.js:79:10)
    at startAsync (C:\Users\tawie\Desktop\JustInv4\ReportingJS\node_modules\jsreport-express\lib\reporter.express.js:17:10)
    at steps.push (C:\Users\tawie\Desktop\JustInv4\ReportingJS\node_modules\jsreport-express\lib\reporter.express.js:51:14)
    at Object.start (C:\Users\tawie\Desktop\JustInv4\ReportingJS\node_modules\jsreport-express\lib\reporter.express.js:125:13)
    at Object.reporter.initializeListeners.add (C:\Users\tawie\Desktop\JustInv4\ReportingJS\node_modules\jsreport-express\lib\reporter.express.js:309:30)
    at process._tickCallback (internal/process/next_tick.js:68:7)
2019-11-22T12:23:06.236Z - error: Error occured during reporter init Error: listen EADDRINUSE: address already in use :::5488
    at Server.setupListenHandle [as _listen2] (net.js:1270:14)
    at listenInCluster (net.js:1318:12)
    at Server.listen (net.js:1405:7)
    at Promise (C:\Users\tawie\Desktop\JustInv4\ReportingJS\node_modules\jsreport-express\lib\reporter.express.js:23:12)
    at Promise._execute (C:\Users\tawie\Desktop\JustInv4\ReportingJS\node_modules\bluebird\js\release\debuggability.js:313:9)
    at Promise._resolveFromExecutor (C:\Users\tawie\Desktop\JustInv4\ReportingJS\node_modules\bluebird\js\release\promise.js:483:18)
    at new Promise (C:\Users\tawie\Desktop\JustInv4\ReportingJS\node_modules\bluebird\js\release\promise.js:79:10)
    at startAsync (C:\Users\tawie\Desktop\JustInv4\ReportingJS\node_modules\jsreport-express\lib\reporter.express.js:17:10)
    at steps.push (C:\Users\tawie\Desktop\JustInv4\ReportingJS\node_modules\jsreport-express\lib\reporter.express.js:51:14)
    at Object.start (C:\Users\tawie\Desktop\JustInv4\ReportingJS\node_modules\jsreport-express\lib\reporter.express.js:125:13)
    at Object.reporter.initializeListeners.add (C:\Users\tawie\Desktop\JustInv4\ReportingJS\node_modules\jsreport-express\lib\reporter.express.js:309:30)
    at process._tickCallback (internal/process/next_tick.js:68:7)
2019-11-22T12:23:06.781Z - error: Error when starting http server on port 5488 Error: listen EADDRINUSE: address already in use :::5488
    at Server.setupListenHandle [as _listen2] (net.js:1270:14)
    at listenInCluster (net.js:1318:12)
    at Server.listen (net.js:1405:7)
    at Promise (C:\Users\tawie\Desktop\JustInv4\ReportingJS\node_modules\jsreport-express\lib\reporter.express.js:23:12)
    at Promise._execute (C:\Users\tawie\Desktop\JustInv4\ReportingJS\node_modules\bluebird\js\release\debuggability.js:313:9)
    at Promise._resolveFromExecutor (C:\Users\tawie\Desktop\JustInv4\ReportingJS\node_modules\bluebird\js\release\promise.js:483:18)
    at new Promise (C:\Users\tawie\Desktop\JustInv4\ReportingJS\node_modules\bluebird\js\release\promise.js:79:10)
    at startAsync (C:\Users\tawie\Desktop\JustInv4\ReportingJS\node_modules\jsreport-express\lib\reporter.express.js:17:10)
    at steps.push (C:\Users\tawie\Desktop\JustInv4\ReportingJS\node_modules\jsreport-express\lib\reporter.express.js:51:14)
    at Object.start (C:\Users\tawie\Desktop\JustInv4\ReportingJS\node_modules\jsreport-express\lib\reporter.express.js:125:13)
    at Object.reporter.initializeListeners.add (C:\Users\tawie\Desktop\JustInv4\ReportingJS\node_modules\jsreport-express\lib\reporter.express.js:309:30)
    at process._tickCallback (internal/process/next_tick.js:68:7)
2019-11-22T12:23:06.816Z - error: Error occured during reporter init Error: listen EADDRINUSE: address already in use :::5488
    at Server.setupListenHandle [as _listen2] (net.js:1270:14)
    at listenInCluster (net.js:1318:12)
    at Server.listen (net.js:1405:7)
    at Promise (C:\Users\tawie\Desktop\JustInv4\ReportingJS\node_modules\jsreport-express\lib\reporter.express.js:23:12)
    at Promise._execute (C:\Users\tawie\Desktop\JustInv4\ReportingJS\node_modules\bluebird\js\release\debuggability.js:313:9)
    at Promise._resolveFromExecutor (C:\Users\tawie\Desktop\JustInv4\ReportingJS\node_modules\bluebird\js\release\promise.js:483:18)
    at new Promise (C:\Users\tawie\Desktop\JustInv4\ReportingJS\node_modules\bluebird\js\release\promise.js:79:10)
    at startAsync (C:\Users\tawie\Desktop\JustInv4\ReportingJS\node_modules\jsreport-express\lib\reporter.express.js:17:10)
    at steps.push (C:\Users\tawie\Desktop\JustInv4\ReportingJS\node_modules\jsreport-express\lib\reporter.express.js:51:14)
    at Object.start (C:\Users\tawie\Desktop\JustInv4\ReportingJS\node_modules\jsreport-express\lib\reporter.express.js:125:13)
    at Object.reporter.initializeListeners.add (C:\Users\tawie\Desktop\JustInv4\ReportingJS\node_modules\jsreport-express\lib\reporter.express.js:309:30)
    at process._tickCallback (internal/process/next_tick.js:68:7)
2019-11-22T12:24:05.760Z - error: Error when starting http server on port 5488 Error: listen EADDRINUSE: address already in use :::5488
    at Server.setupListenHandle [as _listen2] (net.js:1270:14)
    at listenInCluster (net.js:1318:12)
    at Server.listen (net.js:1405:7)
    at Promise (C:\Users\tawie\Desktop\JustInv4\ReportingJS\node_modules\jsreport-express\lib\reporter.express.js:23:12)
    at Promise._execute (C:\Users\tawie\Desktop\JustInv4\ReportingJS\node_modules\bluebird\js\release\debuggability.js:313:9)
    at Promise._resolveFromExecutor (C:\Users\tawie\Desktop\JustInv4\ReportingJS\node_modules\bluebird\js\release\promise.js:483:18)
    at new Promise (C:\Users\tawie\Desktop\JustInv4\ReportingJS\node_modules\bluebird\js\release\promise.js:79:10)
    at startAsync (C:\Users\tawie\Desktop\JustInv4\ReportingJS\node_modules\jsreport-express\lib\reporter.express.js:17:10)
    at steps.push (C:\Users\tawie\Desktop\JustInv4\ReportingJS\node_modules\jsreport-express\lib\reporter.express.js:51:14)
    at Object.start (C:\Users\tawie\Desktop\JustInv4\ReportingJS\node_modules\jsreport-express\lib\reporter.express.js:125:13)
    at Object.reporter.initializeListeners.add (C:\Users\tawie\Desktop\JustInv4\ReportingJS\node_modules\jsreport-express\lib\reporter.express.js:309:30)
    at process._tickCallback (internal/process/next_tick.js:68:7)
2019-11-22T12:24:05.766Z - error: Error occured during reporter init Error: listen EADDRINUSE: address already in use :::5488
    at Server.setupListenHandle [as _listen2] (net.js:1270:14)
    at listenInCluster (net.js:1318:12)
    at Server.listen (net.js:1405:7)
    at Promise (C:\Users\tawie\Desktop\JustInv4\ReportingJS\node_modules\jsreport-express\lib\reporter.express.js:23:12)
    at Promise._execute (C:\Users\tawie\Desktop\JustInv4\ReportingJS\node_modules\bluebird\js\release\debuggability.js:313:9)
    at Promise._resolveFromExecutor (C:\Users\tawie\Desktop\JustInv4\ReportingJS\node_modules\bluebird\js\release\promise.js:483:18)
    at new Promise (C:\Users\tawie\Desktop\JustInv4\ReportingJS\node_modules\bluebird\js\release\promise.js:79:10)
    at startAsync (C:\Users\tawie\Desktop\JustInv4\ReportingJS\node_modules\jsreport-express\lib\reporter.express.js:17:10)
    at steps.push (C:\Users\tawie\Desktop\JustInv4\ReportingJS\node_modules\jsreport-express\lib\reporter.express.js:51:14)
    at Object.start (C:\Users\tawie\Desktop\JustInv4\ReportingJS\node_modules\jsreport-express\lib\reporter.express.js:125:13)
    at Object.reporter.initializeListeners.add (C:\Users\tawie\Desktop\JustInv4\ReportingJS\node_modules\jsreport-express\lib\reporter.express.js:309:30)
    at process._tickCallback (internal/process/next_tick.js:68:7)
2019-11-22T12:24:06.530Z - error: Error when starting http server on port 5488 Error: listen EADDRINUSE: address already in use :::5488
    at Server.setupListenHandle [as _listen2] (net.js:1270:14)
    at listenInCluster (net.js:1318:12)
    at Server.listen (net.js:1405:7)
    at Promise (C:\Users\tawie\Desktop\JustInv4\ReportingJS\node_modules\jsreport-express\lib\reporter.express.js:23:12)
    at Promise._execute (C:\Users\tawie\Desktop\JustInv4\ReportingJS\node_modules\bluebird\js\release\debuggability.js:313:9)
    at Promise._resolveFromExecutor (C:\Users\tawie\Desktop\JustInv4\ReportingJS\node_modules\bluebird\js\release\promise.js:483:18)
    at new Promise (C:\Users\tawie\Desktop\JustInv4\ReportingJS\node_modules\bluebird\js\release\promise.js:79:10)
    at startAsync (C:\Users\tawie\Desktop\JustInv4\ReportingJS\node_modules\jsreport-express\lib\reporter.express.js:17:10)
    at steps.push (C:\Users\tawie\Desktop\JustInv4\ReportingJS\node_modules\jsreport-express\lib\reporter.express.js:51:14)
    at Object.start (C:\Users\tawie\Desktop\JustInv4\ReportingJS\node_modules\jsreport-express\lib\reporter.express.js:125:13)
    at Object.reporter.initializeListeners.add (C:\Users\tawie\Desktop\JustInv4\ReportingJS\node_modules\jsreport-express\lib\reporter.express.js:309:30)
    at process._tickCallback (internal/process/next_tick.js:68:7)
2019-11-22T12:24:06.536Z - error: Error occured during reporter init Error: listen EADDRINUSE: address already in use :::5488
    at Server.setupListenHandle [as _listen2] (net.js:1270:14)
    at listenInCluster (net.js:1318:12)
    at Server.listen (net.js:1405:7)
    at Promise (C:\Users\tawie\Desktop\JustInv4\ReportingJS\node_modules\jsreport-express\lib\reporter.express.js:23:12)
    at Promise._execute (C:\Users\tawie\Desktop\JustInv4\ReportingJS\node_modules\bluebird\js\release\debuggability.js:313:9)
    at Promise._resolveFromExecutor (C:\Users\tawie\Desktop\JustInv4\ReportingJS\node_modules\bluebird\js\release\promise.js:483:18)
    at new Promise (C:\Users\tawie\Desktop\JustInv4\ReportingJS\node_modules\bluebird\js\release\promise.js:79:10)
    at startAsync (C:\Users\tawie\Desktop\JustInv4\ReportingJS\node_modules\jsreport-express\lib\reporter.express.js:17:10)
    at steps.push (C:\Users\tawie\Desktop\JustInv4\ReportingJS\node_modules\jsreport-express\lib\reporter.express.js:51:14)
    at Object.start (C:\Users\tawie\Desktop\JustInv4\ReportingJS\node_modules\jsreport-express\lib\reporter.express.js:125:13)
    at Object.reporter.initializeListeners.add (C:\Users\tawie\Desktop\JustInv4\ReportingJS\node_modules\jsreport-express\lib\reporter.express.js:309:30)
    at process._tickCallback (internal/process/next_tick.js:68:7)
2019-11-22T12:27:00.465Z - error: Error when starting http server on port 5488 Error: listen EADDRINUSE: address already in use :::5488
    at Server.setupListenHandle [as _listen2] (net.js:1270:14)
    at listenInCluster (net.js:1318:12)
    at Server.listen (net.js:1405:7)
    at Promise (C:\Users\tawie\Desktop\JustInv4\ReportingJS\node_modules\jsreport-express\lib\reporter.express.js:23:12)
    at Promise._execute (C:\Users\tawie\Desktop\JustInv4\ReportingJS\node_modules\bluebird\js\release\debuggability.js:313:9)
    at Promise._resolveFromExecutor (C:\Users\tawie\Desktop\JustInv4\ReportingJS\node_modules\bluebird\js\release\promise.js:483:18)
    at new Promise (C:\Users\tawie\Desktop\JustInv4\ReportingJS\node_modules\bluebird\js\release\promise.js:79:10)
    at startAsync (C:\Users\tawie\Desktop\JustInv4\ReportingJS\node_modules\jsreport-express\lib\reporter.express.js:17:10)
    at steps.push (C:\Users\tawie\Desktop\JustInv4\ReportingJS\node_modules\jsreport-express\lib\reporter.express.js:51:14)
    at Object.start (C:\Users\tawie\Desktop\JustInv4\ReportingJS\node_modules\jsreport-express\lib\reporter.express.js:125:13)
    at Object.reporter.initializeListeners.add (C:\Users\tawie\Desktop\JustInv4\ReportingJS\node_modules\jsreport-express\lib\reporter.express.js:309:30)
    at process._tickCallback (internal/process/next_tick.js:68:7)
2019-11-22T12:27:00.472Z - error: Error occured during reporter init Error: listen EADDRINUSE: address already in use :::5488
    at Server.setupListenHandle [as _listen2] (net.js:1270:14)
    at listenInCluster (net.js:1318:12)
    at Server.listen (net.js:1405:7)
    at Promise (C:\Users\tawie\Desktop\JustInv4\ReportingJS\node_modules\jsreport-express\lib\reporter.express.js:23:12)
    at Promise._execute (C:\Users\tawie\Desktop\JustInv4\ReportingJS\node_modules\bluebird\js\release\debuggability.js:313:9)
    at Promise._resolveFromExecutor (C:\Users\tawie\Desktop\JustInv4\ReportingJS\node_modules\bluebird\js\release\promise.js:483:18)
    at new Promise (C:\Users\tawie\Desktop\JustInv4\ReportingJS\node_modules\bluebird\js\release\promise.js:79:10)
    at startAsync (C:\Users\tawie\Desktop\JustInv4\ReportingJS\node_modules\jsreport-express\lib\reporter.express.js:17:10)
    at steps.push (C:\Users\tawie\Desktop\JustInv4\ReportingJS\node_modules\jsreport-express\lib\reporter.express.js:51:14)
    at Object.start (C:\Users\tawie\Desktop\JustInv4\ReportingJS\node_modules\jsreport-express\lib\reporter.express.js:125:13)
    at Object.reporter.initializeListeners.add (C:\Users\tawie\Desktop\JustInv4\ReportingJS\node_modules\jsreport-express\lib\reporter.express.js:309:30)
    at process._tickCallback (internal/process/next_tick.js:68:7)
2019-11-26T08:00:05.333Z - error: Error when processing render request Asset ./JustInByAmatec.png not found Error: Asset ./JustInByAmatec.png not found
    at readAsset (C:\Users\tawie\Desktop\JustInv4\ReportingJS\node_modules\jsreport-assets\lib\assets.js:227:15)
2019-11-26T08:02:05.226Z - error: Error when processing render request Asset JustInByAmatec.png not found Error: Asset JustInByAmatec.png not found
    at readAsset (C:\Users\tawie\Desktop\JustInv4\ReportingJS\node_modules\jsreport-assets\lib\assets.js:227:15)
2019-11-26T08:14:05.154Z - error: Error when processing render request Asset JustInByAmatec.png not found Error: Asset JustInByAmatec.png not found
    at readAsset (C:\Users\tawie\Desktop\JustInv4\ReportingJS\node_modules\jsreport-assets\lib\assets.js:227:15)
2019-11-26T08:16:04.138Z - error: Error when processing render request Asset ./JustInByAmatec.png not found Error: Asset ./JustInByAmatec.png not found
    at readAsset (C:\Users\tawie\Desktop\JustInv4\ReportingJS\node_modules\jsreport-assets\lib\assets.js:227:15)
2019-11-26T08:17:04.452Z - error: Error when processing render request Asset JustInByAmatec.png not found Error: Asset JustInByAmatec.png not found
    at readAsset (C:\Users\tawie\Desktop\JustInv4\ReportingJS\node_modules\jsreport-assets\lib\assets.js:227:15)
2019-11-26T08:18:33.717Z - error: Error when processing render request Asset ./JustInByAmatec.png not found Error: Asset ./JustInByAmatec.png not found
    at readAsset (C:\Users\tawie\Desktop\JustInv4\ReportingJS\node_modules\jsreport-assets\lib\assets.js:227:15)
2019-11-26T08:22:19.784Z - error: Error when processing render request Asset ./JustInByAmatec.png not found Error: Asset ./JustInByAmatec.png not found
    at readAsset (C:\Users\tawie\Desktop\JustInv4\ReportingJS\node_modules\jsreport-assets\lib\assets.js:227:15)
2019-11-26T08:24:25.769Z - error: Error when processing render request Asset ./JustInByAmatec.png not found Error: Asset ./JustInByAmatec.png not found
    at readAsset (C:\Users\tawie\Desktop\JustInv4\ReportingJS\node_modules\jsreport-assets\lib\assets.js:227:15)
2019-11-29T07:16:24.709Z - error: Error occured during reporter init Error: Wrong name pattern for samples\Sales\~sales-data.
    at load (C:\Users\tawie\Desktop\JustInv4\ReportingJS\node_modules\jsreport-fs-store\lib\persistence.js:141:13)
2019-11-29T07:17:23.461Z - error: Error occured during reporter init Error: Wrong name pattern for samples\Sales\~sales-data.
    at load (C:\Users\tawie\Desktop\JustInv4\ReportingJS\node_modules\jsreport-fs-store\lib\persistence.js:141:13)
